#
# A fatal error has been detected by the Java Runtime Environment:
#
#  EXCEPTION_ACCESS_VIOLATION (0xc0000005) at pc=0x617493cd, pid=8616, tid=0x00001a14
#
# JRE version: Java(TM) SE Runtime Environment (8.0_92-b14) (build 1.8.0_92-b14)
# Java VM: Java HotSpot(TM) Client VM (25.92-b14 mixed mode windows-x86 )
# Problematic frame:
# C  [listSerialsj.dll+0x93cd]
#
# Failed to write core dump. Minidumps are not enabled by default on client versions of Windows
#
# If you would like to submit a bug report, please visit:
#   http://bugreport.java.com/bugreport/crash.jsp
# The crash happened outside the Java Virtual Machine in native code.
# See problematic frame for where to report the bug.
#

---------------  T H R E A D  ---------------

Current thread (0x27a43400):  JavaThread "cc.arduino.packages.discoverers.serial.SerialBoardsLister" [_thread_in_native, id=6676, stack(0x269c0000,0x26a10000)]

siginfo: ExceptionCode=0xc0000005, writing address 0x00000000

Registers:
EAX=0x00000000, EBX=0x00000b6c, ECX=0x00000000, EDX=0x00000001
ESP=0x26a0ec80, EBP=0x26a0f0d8, ESI=0x00000001, EDI=0x0114b2f0
EIP=0x617493cd, EFLAGS=0x00010246

Top of Stack: (sp=0x26a0ec80)
0x26a0ec80:   25f48610 0000002e 00000002 00000000
0x26a0ec90:   00000003 00000000 00000000 00000000
0x26a0eca0:   06f6e098 06f6e080 0000006c 7733a540
0x26a0ecb0:   012c28f0 002ab240 0114a9e0 00000085
0x26a0ecc0:   02de41df 26a0ed00 00000047 00000002
0x26a0ecd0:   00000001 0000006c 0000001b 0000008e
0x26a0ece0:   008e58c4 00000000 384d4f43 00a0ed00
0x26a0ecf0:   00425355 686dd783 27979c08 25bab528 

Instructions: (pc=0x617493cd)
0x617493ad:   8b 45 08 8b 90 94 00 00 00 85 d2 74 16 8b 40 2c
0x617493bd:   c7 44 24 04 2e 00 00 00 89 04 24 e8 73 14 00 00
0x617493cd:   c6 00 00 8d 85 04 fc ff ff 89 44 24 18 8d 85 0a
0x617493dd:   fc ff ff 89 44 24 10 a1 e4 01 75 61 c7 85 04 fc 


Register to memory mapping:

EAX=0x00000000 is an unknown value
EBX=0x00000b6c is an unknown value
ECX=0x00000000 is an unknown value
EDX=0x00000001 is an unknown value
ESP=0x26a0ec80 is pointing into the stack for thread: 0x27a43400
EBP=0x26a0f0d8 is pointing into the stack for thread: 0x27a43400
ESI=0x00000001 is an unknown value
EDI=0x0114b2f0 is an unknown value


Stack: [0x269c0000,0x26a10000],  sp=0x26a0ec80,  free space=315k
Native frames: (J=compiled Java code, j=interpreted, Vv=VM code, C=native code)
C  [listSerialsj.dll+0x93cd]
C  [listSerialsj.dll+0x2211]

Java frames: (J=compiled Java code, j=interpreted, Vv=VM code)
J 2724  processing.app.Platform.listSerialsNative()[Ljava/lang/String; (0 bytes) @ 0x02e81d8f [0x02e81d50+0x3f]
j  processing.app.Platform.listSerials()Ljava/util/List;+5
j  cc.arduino.packages.discoverers.serial.SerialBoardsLister.retriggerDiscovery(Z)V+22
j  cc.arduino.packages.discoverers.serial.SerialBoardsLister.run()V+9
J 2131% C1 java.util.TimerThread.mainLoop()V (232 bytes) @ 0x0317d914 [0x0317d4e0+0x434]
j  java.util.TimerThread.run()V+1
v  ~StubRoutines::call_stub

---------------  P R O C E S S  ---------------

Java Threads: ( => current thread )
  0x2803a000 JavaThread "SocketListener(YOGA-GMEIN-Eastsideprep-local.local.)" daemon [_thread_blocked, id=3904, stack(0x25960000,0x259b0000)]
  0x28039c00 JavaThread "DestroyJavaVM" [_thread_blocked, id=6188, stack(0x02cd0000,0x02d20000)]
  0x27adb800 JavaThread "TimerQueue" daemon [_thread_blocked, id=5776, stack(0x29650000,0x296a0000)]
  0x27adb400 JavaThread "AWT-EventQueue-0" [_thread_blocked, id=5084, stack(0x291a0000,0x291f0000)]
  0x27ad9400 JavaThread "AWT-Shutdown" [_thread_blocked, id=12692, stack(0x29110000,0x29160000)]
  0x27ada000 JavaThread "Batik CleanerThread" daemon [_thread_blocked, id=13164, stack(0x28dd0000,0x28e20000)]
  0x27a44800 JavaThread "cc.arduino.packages.discoverers.network.BoardReachabilityFilter" [_thread_blocked, id=6244, stack(0x28430000,0x28480000)]
  0x27a43c00 JavaThread "cc.arduino.packages.discoverers.network.NetworkChecker" [_thread_blocked, id=12904, stack(0x283a0000,0x283f0000)]
=>0x27a43400 JavaThread "cc.arduino.packages.discoverers.serial.SerialBoardsLister" [_thread_in_native, id=6676, stack(0x269c0000,0x26a10000)]
  0x26548400 JavaThread "AWT-Windows" daemon [_thread_in_native, id=8532, stack(0x26a50000,0x26aa0000)]
  0x26545400 JavaThread "Java2D Disposer" daemon [_thread_blocked, id=12192, stack(0x26930000,0x26980000)]
  0x25d00400 JavaThread "Service Thread" daemon [_thread_blocked, id=9980, stack(0x26320000,0x26370000)]
  0x25ce0800 JavaThread "C1 CompilerThread0" daemon [_thread_blocked, id=9808, stack(0x26290000,0x262e0000)]
  0x25cdf800 JavaThread "Attach Listener" daemon [_thread_blocked, id=12308, stack(0x26200000,0x26250000)]
  0x25cdd800 JavaThread "Signal Dispatcher" daemon [_thread_blocked, id=12472, stack(0x26170000,0x261c0000)]
  0x25ccb000 JavaThread "Finalizer" daemon [_thread_blocked, id=11008, stack(0x25ef0000,0x25f40000)]
  0x25cb5400 JavaThread "Reference Handler" daemon [_thread_blocked, id=10740, stack(0x25ad0000,0x25b20000)]

Other Threads:
  0x02b9e400 VMThread [stack: 0x25a40000,0x25a90000] [id=12268]
  0x25ced000 WatcherThread [stack: 0x263b0000,0x26400000] [id=5104]

VM state:at safepoint (normal execution)

VM Mutex/Monitor currently owned by a thread:  ([mutex/lock_event])
[0x0122d000] Threads_lock - owner thread: 0x02b9e400
[0x0122ca50] Heap_lock - owner thread: 0x2803a000

Heap:
 def new generation   total 53312K, used 47122K [0x05000000, 0x089d0000, 0x0faa0000)
  eden space 47424K,  94% used [0x05000000, 0x07bc4778, 0x07e50000)
  from space 5888K,  39% used [0x07e50000, 0x080903b0, 0x08410000)
  to   space 5888K,   0% used [0x08410000, 0x08410000, 0x089d0000)
 tenured generation   total 127528K, used 122947K [0x0faa0000, 0x1772a000, 0x25000000)
   the space 127528K,  96% used [0x0faa0000, 0x172b0e98, 0x172b1000, 0x1772a000)
 Metaspace       used 18658K, capacity 19098K, committed 19328K, reserved 19840K

Card table byte_map: [0x25000000,0x25110000] byte_map_base: 0x24fd8000

Polling page: 0x012a0000

CodeCache: size=32768Kb used=1804Kb max_used=3939Kb free=30963Kb
 bounds [0x02dd0000, 0x031b0000, 0x04dd0000]
 total_blobs=957 nmethods=679 adapters=208
 compilation: enabled

Compilation events (10 events):
Event: 17515.373 Thread 0x25ce0800 4742             java.util.LinkedList$ListItr::next (56 bytes)
Event: 17515.374 Thread 0x25ce0800 nmethod 4742 0x03192208 code [0x03192320, 0x031924d8]
Event: 17515.374 Thread 0x25ce0800 4743             java.util.LinkedList$ListItr::checkForComodification (23 bytes)
Event: 17515.374 Thread 0x25ce0800 nmethod 4743 0x03193a48 code [0x03193b50, 0x03193c2c]
Event: 17648.833 Thread 0x25ce0800 4744             java.lang.String::indexOf (70 bytes)
Event: 17648.833 Thread 0x25ce0800 nmethod 4744 0x03199308 code [0x03199410, 0x0319953c]
Event: 17648.833 Thread 0x25ce0800 4745             java.net.URI$Parser::scan (50 bytes)
Event: 17648.834 Thread 0x25ce0800 nmethod 4745 0x0319afc8 code [0x0319b0f0, 0x0319b2b4]
Event: 17649.057 Thread 0x25ce0800 4746             java.net.URI$Parser::scan (73 bytes)
Event: 17649.058 Thread 0x25ce0800 nmethod 4746 0x03067c08 code [0x03067d30, 0x03067f34]

GC Heap History (10 events):
Event: 17659.813 GC heap before
{Heap before GC invocations=375053 (full 66994):
 def new generation   total 53312K, used 47826K [0x05000000, 0x089d0000, 0x0faa0000)
  eden space 47424K,  91% used [0x05000000, 0x07a345b0, 0x07e50000)
  from space 5888K,  78% used [0x08410000, 0x08890550, 0x089d0000)
  to   space 5888K,   0% used [0x07e50000, 0x07e50000, 0x08410000)
 tenured generation   total 118308K, used 113731K [0x0faa0000, 0x16e29000, 0x25000000)
   the space 118308K,  96% used [0x0faa0000, 0x169b0db8, 0x169b0e00, 0x16e29000)
 Metaspace       used 18658K, capacity 19098K, committed 19328K, reserved 19840K
Event: 17659.816 GC heap after
Heap after GC invocations=375054 (full 66994):
 def new generation   total 53312K, used 4796K [0x05000000, 0x089d0000, 0x0faa0000)
  eden space 47424K,   0% used [0x05000000, 0x05000000, 0x07e50000)
  from space 5888K,  81% used [0x07e50000, 0x082ff3b0, 0x08410000)
  to   space 5888K,   0% used [0x08410000, 0x08410000, 0x089d0000)
 tenured generation   total 118308K, used 113731K [0x0faa0000, 0x16e29000, 0x25000000)
   the space 118308K,  96% used [0x0faa0000, 0x169b0f20, 0x169b1000, 0x16e29000)
 Metaspace       used 18658K, capacity 19098K, committed 19328K, reserved 19840K
}
Event: 17659.842 GC heap before
{Heap before GC invocations=375054 (full 66994):
 def new generation   total 53312K, used 52220K [0x05000000, 0x089d0000, 0x0faa0000)
  eden space 47424K, 100% used [0x05000000, 0x07e50000, 0x07e50000)
  from space 5888K,  81% used [0x07e50000, 0x082ff3b0, 0x08410000)
  to   space 5888K,   0% used [0x08410000, 0x08410000, 0x089d0000)
 tenured generation   total 118308K, used 113731K [0x0faa0000, 0x16e29000, 0x25000000)
   the space 118308K,  96% used [0x0faa0000, 0x169b0f20, 0x169b1000, 0x16e29000)
 Metaspace       used 18658K, capacity 19098K, committed 19328K, reserved 19840K
Event: 17659.895 GC heap after
Heap after GC invocations=375055 (full 66995):
 def new generation   total 53312K, used 0K [0x05000000, 0x089d0000, 0x0faa0000)
  eden space 47424K,   0% used [0x05000000, 0x05000000, 0x07e50000)
  from space 5888K,   0% used [0x08410000, 0x08410000, 0x089d0000)
  to   space 5888K,   0% used [0x07e50000, 0x07e50000, 0x08410000)
 tenured generation   total 118308K, used 42471K [0x0faa0000, 0x16e29000, 0x25000000)
   the space 118308K,  35% used [0x0faa0000, 0x12419f48, 0x1241a000, 0x16e29000)
 Metaspace       used 18658K, capacity 19098K, committed 19328K, reserved 19840K
}
Event: 17659.912 GC heap before
{Heap before GC invocations=375055 (full 66995):
 def new generation   total 53312K, used 44636K [0x05000000, 0x089d0000, 0x0faa0000)
  eden space 47424K,  94% used [0x05000000, 0x07b97348, 0x07e50000)
  from space 5888K,   0% used [0x08410000, 0x08410000, 0x089d0000)
  to   space 5888K,   0% used [0x07e50000, 0x07e50000, 0x08410000)
 tenured generation   total 118308K, used 42471K [0x0faa0000, 0x16e29000, 0x25000000)
   the space 118308K,  35% used [0x0faa0000, 0x12419f48, 0x1241a000, 0x16e29000)
 Metaspace       used 18658K, capacity 19098K, committed 19328K, reserved 19840K
Event: 17659.918 GC heap after
Heap after GC invocations=375056 (full 66995):
 def new generation   total 53312K, used 0K [0x05000000, 0x089d0000, 0x0faa0000)
  eden space 47424K,   0% used [0x05000000, 0x05000000, 0x07e50000)
  from space 5888K,   0% used [0x07e50000, 0x07e500b0, 0x08410000)
  to   space 5888K,   0% used [0x08410000, 0x08410000, 0x089d0000)
 tenured generation   total 118308K, used 72073K [0x0faa0000, 0x16e29000, 0x25000000)
   the space 118308K,  60% used [0x0faa0000, 0x14102740, 0x14102800, 0x16e29000)
 Metaspace       used 18658K, capacity 19098K, committed 19328K, reserved 19840K
}
Event: 17659.929 GC heap before
{Heap before GC invocations=375056 (full 66995):
 def new generation   total 53312K, used 42593K [0x05000000, 0x089d0000, 0x0faa0000)
  eden space 47424K,  89% used [0x05000000, 0x07998538, 0x07e50000)
  from space 5888K,   0% used [0x07e50000, 0x07e500b0, 0x08410000)
  to   space 5888K,   0% used [0x08410000, 0x08410000, 0x089d0000)
 tenured generation   total 118308K, used 72073K [0x0faa0000, 0x16e29000, 0x25000000)
   the space 118308K,  60% used [0x0faa0000, 0x14102740, 0x14102800, 0x16e29000)
 Metaspace       used 18658K, capacity 19098K, committed 19328K, reserved 19840K
Event: 17659.935 GC heap after
Heap after GC invocations=375057 (full 66995):
 def new generation   total 53312K, used 0K [0x05000000, 0x089d0000, 0x0faa0000)
  eden space 47424K,   0% used [0x05000000, 0x05000000, 0x07e50000)
  from space 5888K,   0% used [0x08410000, 0x084100b0, 0x089d0000)
  to   space 5888K,   0% used [0x07e50000, 0x07e50000, 0x08410000)
 tenured generation   total 118308K, used 103317K [0x0faa0000, 0x16e29000, 0x25000000)
   the space 118308K,  87% used [0x0faa0000, 0x15f85418, 0x15f85600, 0x16e29000)
 Metaspace       used 18658K, capacity 19098K, committed 19328K, reserved 19840K
}
Event: 17659.957 GC heap before
{Heap before GC invocations=375057 (full 66995):
 def new generation   total 53312K, used 47424K [0x05000000, 0x089d0000, 0x0faa0000)
  eden space 47424K, 100% used [0x05000000, 0x07e50000, 0x07e50000)
  from space 5888K,   0% used [0x08410000, 0x084100b0, 0x089d0000)
  to   space 5888K,   0% used [0x07e50000, 0x07e50000, 0x08410000)
 tenured generation   total 118308K, used 103317K [0x0faa0000, 0x16e29000, 0x25000000)
   the space 118308K,  87% used [0x0faa0000, 0x15f85418, 0x15f85600, 0x16e29000)
 Metaspace       used 18658K, capacity 19098K, committed 19328K, reserved 19840K
Event: 17659.960 GC heap after
Heap after GC invocations=375058 (full 66995):
 def new generation   total 53312K, used 2304K [0x05000000, 0x089d0000, 0x0faa0000)
  eden space 47424K,   0% used [0x05000000, 0x05000000, 0x07e50000)
  from space 5888K,  39% used [0x07e50000, 0x080903b0, 0x08410000)
  to   space 5888K,   0% used [0x08410000, 0x08410000, 0x089d0000)
 tenured generation   total 118308K, used 113731K [0x0faa0000, 0x16e29000, 0x25000000)
   the space 118308K,  96% used [0x0faa0000, 0x169b0e90, 0x169b1000, 0x16e29000)
 Metaspace       used 18658K, capacity 19098K, committed 19328K, reserved 19840K
}

Deoptimization events (0 events):
No events

Internal exceptions (10 events):
Event: 6164.483 Thread 0x2803b400 Exception <a 'sun/nio/fs/WindowsException'> (0x05f1a8d0) thrown at [C:\workspace\8-2-build-windows-i586-cygwin\jdk8u92\6642\hotspot\src\share\vm\prims\jni.cpp, line 709]
Event: 6164.484 Thread 0x2803b400 Exception <a 'sun/nio/fs/WindowsException'> (0x061715e0) thrown at [C:\workspace\8-2-build-windows-i586-cygwin\jdk8u92\6642\hotspot\src\share\vm\prims\jni.cpp, line 709]
Event: 6164.484 Thread 0x2803b400 Exception <a 'sun/nio/fs/WindowsException'> (0x06171b10) thrown at [C:\workspace\8-2-build-windows-i586-cygwin\jdk8u92\6642\hotspot\src\share\vm\prims\jni.cpp, line 709]
Event: 6164.486 Thread 0x2803b400 Exception <a 'sun/nio/fs/WindowsException'> (0x06307be0) thrown at [C:\workspace\8-2-build-windows-i586-cygwin\jdk8u92\6642\hotspot\src\share\vm\prims\jni.cpp, line 709]
Event: 6164.486 Thread 0x2803b400 Exception <a 'sun/nio/fs/WindowsException'> (0x063082c8) thrown at [C:\workspace\8-2-build-windows-i586-cygwin\jdk8u92\6642\hotspot\src\share\vm\prims\jni.cpp, line 709]
Event: 6164.486 Thread 0x2803b400 Exception <a 'sun/nio/fs/WindowsException'> (0x06497e60) thrown at [C:\workspace\8-2-build-windows-i586-cygwin\jdk8u92\6642\hotspot\src\share\vm\prims\jni.cpp, line 709]
Event: 6164.486 Thread 0x2803b400 Exception <a 'sun/nio/fs/WindowsException'> (0x06498548) thrown at [C:\workspace\8-2-build-windows-i586-cygwin\jdk8u92\6642\hotspot\src\share\vm\prims\jni.cpp, line 709]
Event: 6164.487 Thread 0x2803b400 Exception <a 'sun/nio/fs/WindowsException'> (0x06565528) thrown at [C:\workspace\8-2-build-windows-i586-cygwin\jdk8u92\6642\hotspot\src\share\vm\prims\jni.cpp, line 709]
Event: 6164.487 Thread 0x2803b400 Exception <a 'sun/nio/fs/WindowsException'> (0x06565c10) thrown at [C:\workspace\8-2-build-windows-i586-cygwin\jdk8u92\6642\hotspot\src\share\vm\prims\jni.cpp, line 709]
Event: 13212.581 Thread 0x28035000 Exception <a 'java/net/SocketException': socket closed> (0x06bb32f8) thrown at [C:\workspace\8-2-build-windows-i586-cygwin\jdk8u92\6642\hotspot\src\share\vm\prims\jni.cpp, line 735]

Events (10 events):
Event: 17659.813 Executing VM operation: GenCollectForAllocation
Event: 17659.816 Executing VM operation: GenCollectForAllocation done
Event: 17659.842 Executing VM operation: GenCollectForAllocation
Event: 17659.895 Executing VM operation: GenCollectForAllocation done
Event: 17659.912 Executing VM operation: GenCollectForAllocation
Event: 17659.918 Executing VM operation: GenCollectForAllocation done
Event: 17659.929 Executing VM operation: GenCollectForAllocation
Event: 17659.935 Executing VM operation: GenCollectForAllocation done
Event: 17659.957 Executing VM operation: GenCollectForAllocation
Event: 17659.960 Executing VM operation: GenCollectForAllocation done


Dynamic libraries:
0x00a30000 - 0x00a63000 	C:\Program Files (x86)\Arduino\java\bin\javaw.exe
0x77b10000 - 0x77c93000 	C:\WINDOWS\SYSTEM32\ntdll.dll
0x75120000 - 0x75200000 	C:\WINDOWS\System32\KERNEL32.DLL
0x75bf0000 - 0x75d91000 	C:\WINDOWS\System32\KERNELBASE.dll
0x74eb0000 - 0x74f27000 	C:\WINDOWS\System32\ADVAPI32.dll
0x75260000 - 0x7531e000 	C:\WINDOWS\System32\msvcrt.dll
0x753c0000 - 0x75401000 	C:\WINDOWS\System32\sechost.dll
0x75800000 - 0x758c1000 	C:\WINDOWS\System32\RPCRT4.dll
0x745d0000 - 0x745ee000 	C:\WINDOWS\System32\SspiCli.dll
0x745c0000 - 0x745ca000 	C:\WINDOWS\System32\CRYPTBASE.dll
0x74f30000 - 0x74f8a000 	C:\WINDOWS\System32\bcryptPrimitives.dll
0x74fc0000 - 0x7511f000 	C:\WINDOWS\System32\USER32.dll
0x75600000 - 0x75615000 	C:\WINDOWS\System32\win32u.dll
0x75e00000 - 0x75e2b000 	C:\WINDOWS\System32\GDI32.dll
0x74650000 - 0x747ab000 	C:\WINDOWS\System32\gdi32full.dll
0x6c190000 - 0x6c39a000 	C:\WINDOWS\WinSxS\x86_microsoft.windows.common-controls_6595b64144ccf1df_6.0.14393.447_none_89c64d28dafea4b9\COMCTL32.dll
0x778f0000 - 0x77b01000 	C:\WINDOWS\System32\combase.dll
0x75b10000 - 0x75bf0000 	C:\WINDOWS\System32\ucrtbase.dll
0x757d0000 - 0x757f5000 	C:\WINDOWS\System32\IMM32.DLL
0x68a30000 - 0x68aef000 	C:\Program Files (x86)\Arduino\java\bin\msvcr100.dll
0x68660000 - 0x68a2b000 	C:\Program Files (x86)\Arduino\java\bin\client\jvm.dll
0x74850000 - 0x74856000 	C:\WINDOWS\System32\PSAPI.DLL
0x71e10000 - 0x71e34000 	C:\WINDOWS\SYSTEM32\WINMM.dll
0x741d0000 - 0x741d8000 	C:\WINDOWS\SYSTEM32\VERSION.dll
0x6df80000 - 0x6df88000 	C:\WINDOWS\SYSTEM32\WSOCK32.dll
0x01260000 - 0x01283000 	C:\WINDOWS\SYSTEM32\WINMMBASE.dll
0x75760000 - 0x757c3000 	C:\WINDOWS\System32\WS2_32.dll
0x75ad0000 - 0x75b06000 	C:\WINDOWS\System32\cfgmgr32.dll
0x696a0000 - 0x696d1000 	C:\Program Files (x86)\Arduino\java\bin\splashscreen.dll
0x74380000 - 0x743f5000 	C:\WINDOWS\system32\uxtheme.dll
0x69690000 - 0x6969c000 	C:\Program Files (x86)\Arduino\java\bin\verify.dll
0x75620000 - 0x75755000 	C:\WINDOWS\System32\MSCTF.dll
0x75560000 - 0x755f4000 	C:\WINDOWS\System32\OLEAUT32.dll
0x758d0000 - 0x7594b000 	C:\WINDOWS\System32\msvcp_win.dll
0x68630000 - 0x68651000 	C:\Program Files (x86)\Arduino\java\bin\java.dll
0x6c810000 - 0x6c88b000 	C:\Program Files (x86)\Common Files\Microsoft Shared\Ink\tiptsf.dll
0x68610000 - 0x68623000 	C:\Program Files (x86)\Arduino\java\bin\zip.dll
0x75500000 - 0x7550d000 	C:\WINDOWS\System32\kernel.appcore.dll
0x747b0000 - 0x74834000 	C:\WINDOWS\System32\clbcatq.dll
0x684b0000 - 0x68602000 	C:\Windows\System32\uiautomationcore.dll
0x6d130000 - 0x6d14a000 	C:\Windows\System32\USERENV.dll
0x75200000 - 0x7520f000 	C:\WINDOWS\System32\profapi.dll
0x62780000 - 0x62801000 	C:\WINDOWS\SYSTEM32\sxs.dll
0x71fe0000 - 0x72034000 	C:\Windows\System32\OLEACC.dll
0x68440000 - 0x684ac000 	C:\WINDOWS\SYSTEM32\twinapi.dll
0x74e20000 - 0x74ea8000 	C:\WINDOWS\System32\shcore.dll
0x6ce20000 - 0x6cf11000 	C:\WINDOWS\SYSTEM32\twinapi.appcore.dll
0x71d80000 - 0x71d9b000 	C:\WINDOWS\SYSTEM32\bcrypt.dll
0x75f30000 - 0x77309000 	C:\WINDOWS\System32\SHELL32.dll
0x748b0000 - 0x74e1e000 	C:\WINDOWS\System32\windows.storage.dll
0x75210000 - 0x75255000 	C:\WINDOWS\System32\powrprof.dll
0x75510000 - 0x75556000 	C:\WINDOWS\System32\shlwapi.dll
0x75e30000 - 0x75f1a000 	C:\WINDOWS\System32\ole32.dll
0x682f0000 - 0x68435000 	C:\Program Files (x86)\Arduino\java\bin\awt.dll
0x64fc0000 - 0x65052000 	C:\WINDOWS\SYSTEM32\apphelp.dll
0x71360000 - 0x7137f000 	C:\WINDOWS\system32\dwmapi.dll
0x61740000 - 0x6176c000 	C:\Program Files (x86)\Arduino\lib\listSerialsj.dll
0x77310000 - 0x7771b000 	C:\WINDOWS\System32\SETUPAPI.dll
0x72040000 - 0x72053000 	C:\WINDOWS\SYSTEM32\CRYPTSP.dll
0x71e40000 - 0x71e6f000 	C:\WINDOWS\system32\rsaenh.dll
0x682d0000 - 0x682e6000 	C:\Program Files (x86)\Arduino\java\bin\net.dll
0x711c0000 - 0x7120e000 	C:\WINDOWS\system32\mswsock.dll
0x6f6f0000 - 0x6f71f000 	C:\WINDOWS\SYSTEM32\IPHLPAPI.DLL
0x74840000 - 0x74847000 	C:\WINDOWS\System32\NSI.dll
0x6f6d0000 - 0x6f6e3000 	C:\WINDOWS\SYSTEM32\dhcpcsvc6.DLL
0x6f6b0000 - 0x6f6c4000 	C:\WINDOWS\SYSTEM32\dhcpcsvc.DLL
0x694c0000 - 0x694cf000 	C:\Program Files (x86)\Arduino\java\bin\nio.dll
0x27470000 - 0x274ad000 	C:\Users\gmein\AppData\Local\Temp\jna-98470308\jna1479866738928116505.dll
0x68290000 - 0x682c9000 	C:\Program Files (x86)\Arduino\java\bin\fontmanager.dll
0x68250000 - 0x68282000 	C:\Program Files (x86)\Arduino\java\bin\t2k.dll
0x6f630000 - 0x6f6ac000 	C:\WINDOWS\SYSTEM32\DNSAPI.dll
0x6d560000 - 0x6d568000 	C:\Windows\System32\rasadhlp.dll
0x6d510000 - 0x6d559000 	C:\WINDOWS\System32\fwpuclnt.dll
0x681e0000 - 0x68249000 	C:\Program Files (x86)\Arduino\msvcp100.dll
0x68120000 - 0x681de000 	C:\Program Files (x86)\Arduino\msvcr100.dll
0x28c40000 - 0x28c72000 	C:\Program Files (x86)\Arduino\lib\AStylej.dll
0x680f0000 - 0x68114000 	C:\Program Files (x86)\Arduino\java\bin\dcpr.dll
0x67f80000 - 0x680ee000 	C:\WINDOWS\SYSTEM32\WindowsCodecs.dll
0x67f30000 - 0x67f74000 	C:\WINDOWS\system32\dataexchange.dll
0x67d00000 - 0x67f2f000 	C:\WINDOWS\system32\d3d11.dll
0x67be0000 - 0x67cf3000 	C:\WINDOWS\system32\dcomp.dll
0x67b50000 - 0x67bd4000 	C:\WINDOWS\system32\dxgi.dll
0x67b00000 - 0x67b4e000 	C:\WINDOWS\system32\Ninput.dll
0x72060000 - 0x720f4000 	C:\WINDOWS\WinSxS\x86_microsoft.windows.common-controls_6595b64144ccf1df_5.82.14393.447_none_5507ded2cb4f7f4c\comctl32.dll
0x64000000 - 0x6401b000 	C:\Users\gmein\.jssc\windows\jSSC-2.8_x86.dll
0x72320000 - 0x72342000 	C:\WINDOWS\SYSTEM32\DEVOBJ.dll
0x74860000 - 0x748a4000 	C:\WINDOWS\System32\WINTRUST.dll
0x75f20000 - 0x75f2e000 	C:\WINDOWS\System32\MSASN1.dll
0x75950000 - 0x75acd000 	C:\WINDOWS\System32\CRYPT32.dll
0x6bc80000 - 0x6bdc5000 	C:\WINDOWS\SYSTEM32\dbghelp.dll

VM Arguments:
jvm_args: -Dsun.java2d.d3d=false -Djna.nosys=true -DAPP_DIR=C:\Program Files (x86)\Arduino -Xms128M -Xmx512M 
java_command: processing.app.Base C:\Users\gmein\Documents\GitHub\SEMConsole\semarduino_due.ino\semarduino_due.ino.ino
java_class_path (initial): C:\Program Files (x86)\Arduino\lib\apple.jar;C:\Program Files (x86)\Arduino\lib\arduino-core.jar;C:\Program Files (x86)\Arduino\lib\batik-1.8.jar;C:\Program Files (x86)\Arduino\lib\batik-anim-1.8.jar;C:\Program Files (x86)\Arduino\lib\batik-awt-util-1.8.jar;C:\Program Files (x86)\Arduino\lib\batik-bridge-1.8.jar;C:\Program Files (x86)\Arduino\lib\batik-codec-1.8.jar;C:\Program Files (x86)\Arduino\lib\batik-css-1.8.jar;C:\Program Files (x86)\Arduino\lib\batik-dom-1.8.jar;C:\Program Files (x86)\Arduino\lib\batik-ext-1.8.jar;C:\Program Files (x86)\Arduino\lib\batik-gvt-1.8.jar;C:\Program Files (x86)\Arduino\lib\batik-parser-1.8.jar;C:\Program Files (x86)\Arduino\lib\batik-rasterizer-1.8.jar;C:\Program Files (x86)\Arduino\lib\batik-script-1.8.jar;C:\Program Files (x86)\Arduino\lib\batik-squiggle-1.8.jar;C:\Program Files (x86)\Arduino\lib\batik-svg-dom-1.8.jar;C:\Program Files (x86)\Arduino\lib\batik-svgpp-1.8.jar;C:\Program Files (x86)\Arduino\lib\batik-transcoder-1.8.jar;C:\Program Files (x86)\Arduino\lib\batik-util-1.8.jar;C:\Program Files (x86)\Arduino\lib\batik-xml-1.8.jar;C:\Program Files (x86)\Arduino\lib\bcpg-jdk15on-152.jar;C:\Program Files (x86)\Arduino\lib\bcprov-jdk15on-152.jar;C:\Program Files (x86)\Arduino\lib\commons-codec-1.7.jar;C:\Program Files (x86)\Arduino\lib\commons-compress-1.8.jar;C:\Program Files (x86)\Arduino\lib\commons-exec-1.1.jar;C:\Program Files (x86)\Arduino\lib\commons-httpclient-3.1.jar;C:\Program Files (x86)\Arduino\lib\commons-lang3-3.3.2.jar;C:\Program Files (x86)\Arduino\lib\commons-logging-1.0.4.jar;C:\Program Files (x86)\Arduino\lib\commons-net-3.3.jar;C:\Program Files (x86)\Arduino\lib\jackson-annotations-2.6.3.jar;C:\Program Files (x86)\Arduino\lib\jackson-core-2.6.3.jar;C:\Program Files (x86)\Arduino\lib\jackson-databind-2.6.3.jar;C:\Program Files (x86)\Arduino\lib\jackson-module-mrbean-2.6.3.jar;C:\Program Files (x86)\Arduino\lib\java-semver-0.8.0.jar;C:\Program Files (x86)\Arduino\lib\jmdns-3.4.1.j
Launcher Type: SUN_STANDARD

Environment Variables:
PATH=C:\ProgramData\Oracle\Java\javapath;C:\Program Files (x86)\Intel\iCLS Client\;C:\Program Files\Intel\iCLS Client\;C:\windows\system32;C:\windows;C:\windows\System32\Wbem;C:\windows\System32\WindowsPowerShell\v1.0\;C:\Program Files (x86)\Lenovo\Password Manager\;C:\Program Files\Intel\Intel(R) Management Engine Components\DAL;C:\Program Files\Intel\Intel(R) Management Engine Components\IPT;C:\Program Files (x86)\Intel\Intel(R) Management Engine Components\DAL;C:\Program Files (x86)\Intel\Intel(R) Management Engine Components\IPT;C:\Program Files (x86)\IVI Foundation\VISA\WinNT\Bin;C:\Program Files\Intel\WiFi\bin\;C:\Program Files\Common Files\Intel\WirelessCommon\;C:\Program Files\Microsoft SQL Server\110\Tools\Binn\;C:\Program Files\Microsoft SQL Server\120\Tools\Binn\;C:\Program Files\MiKTeX 2.9\miktex\bin\x64\;C:\WINDOWS\system32;C:\WINDOWS;C:\WINDOWS\System32\Wbem;C:\WINDOWS\System32\WindowsPowerShell\v1.0\;C:\WINDOWS\system32\config\systemprofile\.dnx\bin;C:\Program Files\Microsoft DNX\Dnvm\;C:\Program Files (x86)\Windows Kits\10\Windows Performance Toolkit\;C:\Program Files\nodejs\;C:\Program Files (x86)\Windows Live\Shared;C:\Program Files\Microsoft\Web Platform Installer\;C:\WINDOWS\SysWOW64\WindowsPowerShell\v1.0\Modules\TShell\TShell\;C:\Program Files\Intel\WiFi\bin\;C:\Program Files\Common Files\Intel\WirelessCommon\;C:\Program Files (x86)\Microsoft VS Code\bin;C:\Users\gmein\AppData\Roaming\npm;%USERPROFILE%\AppData\Local\Microsoft\WindowsApps;;C:\Program Files (x86)\Arduino\java\bin
USERNAME=gmein
OS=Windows_NT
PROCESSOR_IDENTIFIER=Intel64 Family 6 Model 69 Stepping 1, GenuineIntel



---------------  S Y S T E M  ---------------

OS: Windows 10.0 , 64 bit Build 14393 (10.0.14393.0)

CPU:total 4 (2 cores per cpu, 2 threads per core) family 6 model 69 stepping 1, cmov, cx8, fxsr, mmx, sse, sse2, sse3, ssse3, sse4.1, sse4.2, popcnt, avx, avx2, aes, clmul, erms, lzcnt, ht, tsc, tscinvbit, bmi1, bmi2

Memory: 4k page, physical 8302620k(3616504k free), swap 9613340k(3862972k free)

vm_info: Java HotSpot(TM) Client VM (25.92-b14) for windows-x86 JRE (1.8.0_92-b14), built on Mar 31 2016 21:09:21 by "java_re" with MS VC++ 10.0 (VS2010)

time: Thu Feb 09 13:23:05 2017
elapsed time: 17659 seconds (0d 4h 54m 19s)

